"../../../Engine/Content/EditorResources/S_Actor.uasset" 0
"../../../Engine/Content/EngineFonts/Roboto.uasset" 1
"../../../Engine/Content/Functions/Engine_MaterialFunctions01/Shading/PowerToRoughness.uasset" 2
"../../../Engine/Content/Functions/Engine_MaterialFunctions01/Shading/ConvertFromDiffSpec.uasset" 3
"../../../Engine/Content/EngineMaterials/DefaultDiffuse.uasset" 4
"../../../Engine/Content/EngineMaterials/DefaultDeferredDecalMaterial.uasset" 5
"../../../Engine/Content/EngineMaterials/DefaultLightFunctionMaterial.uasset" 6
"../../../Engine/Content/Functions/Engine_MaterialFunctions02/Utility/BreakOutFloat2Components.uasset" 7
"../../../Engine/Content/EngineMaterials/DefaultPostProcessMaterial.uasset" 8
"../../../Engine/Content/EngineResources/DefaultTexture.uasset" 9
"../../../Engine/Content/Functions/Engine_MaterialFunctions01/Texturing/ScaleUVsByCenter.uasset" 10
"../../../Engine/Content/Functions/Engine_MaterialFunctions02/ScreenResolution.uasset" 11
"../../../Engine/Content/Functions/Engine_MaterialFunctions02/Texturing/ScreenAlignedUVs.uasset" 12
"../../../Engine/Content/EngineResources/WhiteSquareTexture.uasset" 13
"../../../Engine/Content/EngineMaterials/Widget3DPassThrough.uasset" 14
"../../../Engine/Content/EngineMaterials/Widget3DPassThrough_Translucent.uasset" 15
"../../../Engine/Content/EngineMaterials/Widget3DPassThrough_Translucent_OneSided.uasset" 16
"../../../Engine/Content/EngineMaterials/Widget3DPassThrough_Opaque.uasset" 17
"../../../Engine/Content/EngineMaterials/Widget3DPassThrough_Opaque_OneSided.uasset" 18
"../../../Engine/Content/EngineMaterials/Widget3DPassThrough_Masked.uasset" 19
"../../../Engine/Content/EngineMaterials/Widget3DPassThrough_Masked_OneSided.uasset" 20
"../../../Engine/Content/Maps/Templates/Thumbnails/Default.uasset" 21
"../../../Engine/Content/EditorMaterials/ParticleSystems/PSysThumbnail_NoImage.uasset" 22
"../../../Engine/Content/EditorMaterials/ParticleSystems/PSysThumbnail_OOD.uasset" 23
"../../../Engine/Content/EditorLandscapeResources/DataLayer.uasset" 24
"../../../Engine/Content/EngineDamageTypes/DmgTypeBP_Environmental.uasset" 25
"../../../Engine/Content/EngineMeshes/Sphere.uasset" 26
"../../../Engine/Content/EngineFonts/RobotoDistanceField.uasset" 27
"../../../Engine/Content/EngineMaterials/DefaultTextMaterialOpaque.uasset" 28
"../../../Engine/Content/EditorResources/S_Trigger.uasset" 29
"../../../Engine/Content/EngineResources/GradientTexture0.uasset" 30
"../../../Engine/Content/EngineResources/Black.uasset" 31
"../../../Engine/Content/EditorMaterials/MatineeGroups/MAT_Groups_Float.uasset" 32
"../../../Engine/Content/EditorMaterials/MatineeGroups/MAT_Groups_Director.uasset" 33
"../../../Engine/Content/EditorMaterials/MatineeGroups/MAT_Groups_Event.uasset" 34
"../../../Engine/Content/EditorMaterials/MatineeGroups/MAT_Groups_Anim.uasset" 35
"../../../Engine/Content/EditorMaterials/MatineeGroups/MAT_Groups_Fade.uasset" 36
"../../../Engine/Content/EditorMaterials/MatineeGroups/MAT_Groups_Move.uasset" 37
"../../../Engine/Content/EditorMaterials/MatineeGroups/MAT_Groups_Slomo.uasset" 38
"../../../Engine/Content/EditorMaterials/MatineeGroups/MAT_ColorTrack.uasset" 39
"../../../Engine/Content/EditorMaterials/MAT_Groups_Toggle.uasset" 40
"../../../Engine/Content/EditorMaterials/MatineeGroups/MAT_Groups_AudioMaster.uasset" 41
"../../../Engine/Content/EditorMaterials/MatineeGroups/MAT_Groups_Sound.uasset" 42
"../../../Engine/Content/EditorMaterials/MatineeGroups/MAT_Groups_Vector.uasset" 43
"../../../Engine/Content/EditorMaterials/MAT_Groups_Visibility.uasset" 44
"../../../Engine/Content/EngineResources/DefaultTextureCube.uasset" 45
"../../../Engine/Content/Functions/Engine_MaterialFunctions01/Opacity/CameraDepthFade.uasset" 46
"../../../Engine/Content/EngineMaterials/T_Default_Material_Grid_M.uasset" 47
"../../../Engine/Content/EngineMaterials/T_Default_Material_Grid_N.uasset" 48
"../../../Engine/Content/EngineMaterials/DefaultMaterial.uasset" 49
"../../../Engine/Content/EngineMeshes/Cylinder.uasset" 50
"../../../Engine/Content/EngineTireTypes/DefaultTireType.uasset" 51
"../../../Engine/Content/Tutorial/BlueprintTutorials/TutorialAssets/Blueprint_64x.uasset" 52
"../../../Engine/Content/Tutorial/Basics/TutorialAssets/icon_tab_Levels_40x.uasset" 53
"../../../Engine/Content/Tutorial/Landscape/TutorialAssets/Landscape.uasset" 54
"../../../Engine/Content/Tutorial/ContentIntroCurve.uasset" 55
"../../../Engine/Plugins/2D/Paper2D/Content/PlaceholderTextures/DummySpriteTexture.uasset" 56
"../../../Engine/Plugins/2D/Paper2D/Content/DefaultSpriteMaterial.uasset" 57
"../../../Engine/Plugins/2D/Paper2D/Content/MaskedUnlitSpriteMaterial.uasset" 58
"../../../Engine/Plugins/2D/Paper2D/Content/OpaqueUnlitSpriteMaterial.uasset" 59
"../../../Engine/Plugins/2D/Paper2D/Content/DummySprite.uasset" 60
"../../../Engine/Plugins/2D/Paper2D/Content/DefaultPaperTerrainMaterial.uasset" 61
"../../../Engine/Content/EngineMaterials/RemoveSurfaceMaterial.uasset" 62
"../../../Engine/Content/EngineDebugMaterials/DebugMeshMaterial.uasset" 63
"../../../Engine/Content/EngineMaterials/InvalidLightmapSettings.uasset" 64
"../../../Engine/Content/EngineMaterials/M_InvalidLightmapSettings.uasset" 65
"../../../Engine/Content/EditorMaterials/GizmoMaterial.uasset" 66
"../../../Engine/Content/EngineMaterials/Good64x64TilingNoiseHighFreq.uasset" 67
"../../../Engine/Content/EngineMaterials/DefaultBokeh.uasset" 68
"../../../Engine/Content/EngineMaterials/PreintegratedSkinBRDF.uasset" 69
"../../../Engine/Content/EngineMaterials/MiniFont.uasset" 70
"../../../Engine/Content/EngineMaterials/WeightMapPlaceholderTexture.uasset" 71
"../../../Engine/Content/EngineMaterials/DefaultWhiteGrid.uasset" 72
"../../../Engine/Content/EngineFonts/RobotoTiny.uasset" 73
"../../../Engine/Content/EngineResources/AICON-Red.uasset" 74
"../../../Engine/Content/EngineResources/AICON-Green.uasset" 75
"../../../Engine/Content/EditorResources/EmptyActor.uasset" 76
"../../../Engine/Content/MobileResources/HUD/T_Castle_ThumbstickInner.uasset" 77
"../../../Engine/Content/EditorResources/LightIcons/S_LightError.uasset" 78
"../../../Engine/Content/MobileResources/HUD/MobileHUDDirectionStick.uasset" 79
"../../../Engine/Content/EditorResources/AudioIcons/S_AudioComponent_AutoActivate.uasset" 80
"../../../Engine/Content/EditorResources/AudioIcons/S_AudioComponent.uasset" 81
"../../../BattleTank/Content/StarterContent/Materials/M_Basic_Floor.uasset" 82
"../../../BattleTank/Content/StarterContent/Materials/M_Basic_Wall.uasset" 83
"../../../BattleTank/Content/StarterContent/Props/SM_Stairs.uasset" 84
"../../../BattleTank/Content/StarterContent/Textures/T_Shelf_M.uasset" 85
"../../../BattleTank/Content/StarterContent/Textures/T_Shelf_N.uasset" 86
"../../../BattleTank/Content/StarterContent/Props/Materials/M_Shelf.uasset" 87
"../../../BattleTank/Content/StarterContent/Props/SM_Shelf.uasset" 88
"../../../Engine/Content/Functions/Engine_MaterialFunctions02/Utility/BlendAngleCorrectedNormals.uasset" 89
"../../../BattleTank/Content/StarterContent/Textures/T_Detail_Rocky_N.uasset" 90
"../../../BattleTank/Content/StarterContent/Textures/T_Rock_Basalt_D.uasset" 91
"../../../BattleTank/Content/StarterContent/Textures/T_RockMesh_M.uasset" 92
"../../../BattleTank/Content/StarterContent/Textures/T_RockMesh_N.uasset" 93
"../../../BattleTank/Content/StarterContent/Props/Materials/M_Rock.uasset" 94
"../../../BattleTank/Content/StarterContent/Props/SM_Rock.uasset" 95
"../../../BattleTank/Content/StarterContent/Props/Materials/M_MaterialSphere.uasset" 96
"../../../BattleTank/Content/StarterContent/Props/Materials/M_MaterialSphere_Plain.uasset" 97
"../../../BattleTank/Content/StarterContent/Props/SM_MatPreviewMesh_02.uasset" 98
"../../../BattleTank/Content/StarterContent/Materials/M_Glass.uasset" 99
"../../../BattleTank/Content/StarterContent/Textures/T_Door_M.uasset" 100
"../../../BattleTank/Content/StarterContent/Textures/T_Door_N.uasset" 101
"../../../BattleTank/Content/StarterContent/Props/Materials/M_Door.uasset" 102
"../../../BattleTank/Content/StarterContent/Props/SM_Door.uasset" 103
"../../../BattleTank/Content/StarterContent/Textures/T_Chair_M.uasset" 104
"../../../BattleTank/Content/StarterContent/Textures/T_Chair_N.uasset" 105
"../../../BattleTank/Content/StarterContent/Props/Materials/M_Chair.uasset" 106
"../../../BattleTank/Content/StarterContent/Props/SM_Couch.uasset" 107
"../../../BattleTank/Content/StarterContent/Textures/T_Bush_D.uasset" 108
"../../../BattleTank/Content/StarterContent/Textures/T_Bush_N.uasset" 109
"../../../BattleTank/Content/StarterContent/Props/Materials/M_Bush.uasset" 110
"../../../BattleTank/Content/StarterContent/Props/SM_Bush.uasset" 111
"../../../Engine/Content/MobileResources/HUD/MobileHUDButton1_off.uasset" 112
"../../../BattleTank/Content/StarterContent/Shapes/Shape_NarrowCapsule.uasset" 113
"../../../BattleTank/Content/StarterContent/Shapes/Shape_Cone.uasset" 114
"../../../Engine/Content/MobileResources/HUD/MobileHUDButton2_on.uasset" 115
"../../../BattleTank/Content/StarterContent/Shapes/Shape_WideCapsule.uasset" 116
"../../../BattleTank/Content/StarterContent/Shapes/Shape_Wedge_B.uasset" 117
"../../../BattleTank/Content/StarterContent/Shapes/Shape_Wedge_A.uasset" 118
"../../../BattleTank/Content/StarterContent/Shapes/Shape_Tube.uasset" 119
"../../../BattleTank/Content/StarterContent/Shapes/Shape_TriPyramid.uasset" 120
"../../../BattleTank/Content/StarterContent/Shapes/Shape_Trim_90_Out.uasset" 121
"../../../BattleTank/Content/StarterContent/Shapes/Shape_Trim_90_In.uasset" 122
"../../../BattleTank/Content/StarterContent/Shapes/Shape_Trim.uasset" 123
"../../../BattleTank/Content/StarterContent/Shapes/Shape_Torus.uasset" 124
"../../../BattleTank/Content/StarterContent/Shapes/Shape_Plane.uasset" 125
"../../../BattleTank/Content/StarterContent/Shapes/Shape_Pipe_90.uasset" 126
"../../../BattleTank/Content/StarterContent/Shapes/Shape_Pipe_180.uasset" 127
"../../../BattleTank/Content/StarterContent/Shapes/Shape_Pipe.uasset" 128
"../../../Engine/Content/MobileResources/HUD/VirtualJoystick_Background.uasset" 129
"../../../Engine/Content/MobileResources/HUD/VirtualJoystick_Thumb.uasset" 130
"../../../Engine/Content/MobileResources/HUD/LeftVirtualJoystickOnly.uasset" 131
"../../../Engine/Content/MobileResources/HUD/MobileHUDDirectionPad2.uasset" 132
"../../../Engine/Content/MobileResources/HUD/MobileHUDDirectionPad3.uasset" 133
"../../../Engine/Content/MobileResources/HUD/MobileHUDButton1_on.uasset" 134
"../../../Engine/Content/MobileResources/HUD/MobileHUDDirectionPad.uasset" 135
"../../../Engine/Content/EditorMaterials/PhAT_JointLimitMaterial.uasset" 136
"../../../Engine/Content/EditorMaterials/PreviewShadowIndicator.uasset" 137
"../../../Engine/Content/EditorMaterials/PreviewShadowIndicatorMaterial.uasset" 138
"../../../Engine/Content/EditorResources/BSPVertex.uasset" 139
"../../../Engine/Content/EngineDebugMaterials/HeatmapGradient.uasset" 140
"../../../Engine/Content/EngineDebugMaterials/BoneWeightMaterial.uasset" 141
"../../../Engine/Content/EngineDebugMaterials/GeomMaterial.uasset" 142
"../../../Engine/Content/EngineMaterials/EditorBrushMaterial.uasset" 143
"../../../Engine/Content/EngineMeshes/Cube.uasset" 144
"../../../Engine/Content/MobileResources/T_MobileControls_texture.uasset" 145
"../../../Engine/Content/MobileResources/T_MobileMenu2.uasset" 146
"../../../Engine/Content/MobileResources/HUD/AnalogHat.uasset" 147
"../../../Engine/Content/MobileResources/HUD/DefaultVirtualJoysticks.uasset" 148
"../../../Engine/Content/MobileResources/HUD/MobileHUDButton2_off.uasset" 149
"../../../Engine/Content/MobileResources/HUD/MobileHUDButton3.uasset" 150
"../../../Engine/Content/MobileResources/HUD/MobileHUDButtonFire.uasset" 151
"../../../Engine/Content/MobileResources/HUD/T_Castle_ThumbstickOutter.uasset" 152
"../../../Engine/Content/Tutorial/BlueprintTutorials/TutorialAssets/BlueprintInterface_64x.uasset" 153
"../../../Engine/Content/Tutorial/BlueprintTutorials/TutorialAssets/BlueprintMacroLibrary_64x.uasset" 154
"../../../Engine/Content/Tutorial/BlueprintTutorials/TutorialAssets/Tutorial_BP_Interface.uasset" 155
"../../../Engine/Content/Tutorial/Foliage/TutorialAssets/Foliage.uasset" 156
"../../../Engine/Content/Tutorial/Paper2D/TutorialAssets/Paper2DFlipbook_TutorialIcon.uasset" 157
"../../../Engine/Content/Tutorial/Paper2D/TutorialAssets/Paper2DSprite_TutorialIcon.uasset" 158
"../../../Engine/Content/Tutorial/SubEditors/TutorialAssets/icon_Editor_Preferences_General_40x.uasset" 159
"../../../Engine/Content/Tutorial/SubEditors/TutorialAssets/icon_ShowSkeletalMeshes_40x.uasset" 160
"../../../Engine/Content/Tutorial/SubEditors/TutorialAssets/TutorialMaterial.uasset" 161
"../../../Engine/Content/Tutorial/SubEditors/TutorialAssets/T_SmokeSubUV_8X8.uasset" 162
"../../../Engine/Content/Tutorial/SubEditors/TutorialAssets/T_soft_smoke.uasset" 163
"../../../Engine/Content/Tutorial/SubEditors/TutorialAssets/M_smoke_subUV_blackbody.uasset" 164
"../../../Engine/Content/Tutorial/SubEditors/TutorialAssets/TutorialParticleSystem.uasset" 165
"../../../Engine/Content/EngineMaterials/WorldGridMaterial.uasset" 166
"../../../Engine/Content/Tutorial/SubEditors/TutorialAssets/Tutorial_DM.uasset" 167
"../../../BattleTank/Content/StarterContent/Textures/T_MacroVariation.uasset" 168
"../../../BattleTank/Content/StarterContent/Textures/T_Metal_Steel_D.uasset" 169
"../../../BattleTank/Content/StarterContent/Textures/T_Metal_Steel_N.uasset" 170
"../../../BattleTank/Content/StarterContent/Materials/M_Metal_Steel.uasset" 171
"../../../BattleTank/Content/StarterContent/Shapes/Shape_Cylinder.uasset" 172
"../../../BattleTank/Content/Tank_Barrel_BP.uasset" 173
"../../../BattleTank/Content/StarterContent/Shapes/Shape_Cube.uasset" 174
"../../../BattleTank/Content/Tank_Body_BP.uasset" 175
"../../../BattleTank/Content/Tank_Turret_BP.uasset" 176
"../../../BattleTank/Content/Main_Tank_BP.uasset" 177
"../../../BattleTank/Content/BattleGround_sharedassets/Dirt_LayerInfo.uasset" 178
"../../../BattleTank/Content/BattleGround_sharedassets/Grass_LayerInfo.uasset" 179
"../../../BattleTank/Content/Material/Landscape.uasset" 180
"../../../BattleTank/Content/StarterContent/Architecture/Pillar_50x500.uasset" 181
"../../../BattleTank/Content/StarterContent/Architecture/Wall_400x300.uasset" 182
"../../../BattleTank/Content/StarterContent/Architecture/Wall_400x400.uasset" 183
"../../../BattleTank/Content/StarterContent/Architecture/Wall_500x500.uasset" 184
"../../../BattleTank/Content/StarterContent/Architecture/Wall_Door_400x400.uasset" 185
"../../../BattleTank/Content/StarterContent/Architecture/Wall_Window_400x400.uasset" 186
"../../../BattleTank/Content/StarterContent/Audio/Light01_Cue.uasset" 187
"../../../BattleTank/Content/StarterContent/Audio/Light02_Cue.uasset" 188
"../../../BattleTank/Content/StarterContent/Audio/Explosion_Cue.uasset" 189
"../../../BattleTank/Content/StarterContent/Textures/T_Burst_M.uasset" 190
"../../../BattleTank/Content/StarterContent/Particles/Materials/M_Burst.uasset" 191
"../../../BattleTank/Content/StarterContent/Textures/T_Explosion_SubUV.uasset" 192
"../../../BattleTank/Content/StarterContent/Particles/Materials/M_explosion_subUV.uasset" 193
"../../../BattleTank/Content/StarterContent/Particles/Materials/m_flare_01.uasset" 194
"../../../Engine/Content/Functions/Engine_MaterialFunctions01/Gradient/RadialGradient.uasset" 195
"../../../BattleTank/Content/StarterContent/Particles/Materials/M_radial_ramp.uasset" 196
"../../../BattleTank/Content/StarterContent/Textures/T_Smoke_SubUV.uasset" 197
"../../../BattleTank/Content/StarterContent/Textures/T_Smoke_Tiled_D.uasset" 198
"../../../BattleTank/Content/StarterContent/Particles/Materials/M_smoke_subUV.uasset" 199
"../../../BattleTank/Content/StarterContent/Particles/P_Explosion.uasset" 200
"../../../BattleTank/Content/StarterContent/Blueprints/Blueprint_Effect_Explosion.uasset" 201
"../../../Engine/Content/EditorMeshes/ColorCalibrator/T_ColorGrid.uasset" 202
"../../../BattleTank/Content/StarterContent/Materials/M_ColorGrid_LowSpec.uasset" 203
"../../../BattleTank/Content/UI/pdark.uasset" 204
"../../../BattleTank/Content/UI/Firing_M1A1_tank_in_Djibouti.uasset" 205
"../../../BattleTank/Content/UI/MainMenuUI_BP.uasset" 206
"../../../BattleTank/Content/_Levels/MainMenu.umap" 207
"../../../Engine/Content/EngineMaterials/DefaultNormal.uasset" 208
"../../../Engine/Content/Maps/Entry.umap" 209
"../../../BattleTank/Content/StarterContent/Blueprints/Assets/FogBrightnessLUT.uasset" 210
"../../../BattleTank/Content/StarterContent/Blueprints/Assets/SunlightColorLUT.uasset" 211
"../../../BattleTank/Content/StarterContent/Blueprints/Assets/M_LightStage_Arrows.uasset" 212
"../../../Engine/Content/MapTemplates/Sky/DaylightAmbientCubemap.uasset" 213
"../../../BattleTank/Content/StarterContent/Blueprints/Assets/M_LightStage_Skybox_Master.uasset" 214
"../../../BattleTank/Content/StarterContent/Blueprints/Assets/M_LightStage_Skybox_Black.uasset" 215
"../../../BattleTank/Content/StarterContent/Blueprints/Assets/M_LightStage_Skybox_HDRI.uasset" 216
"../../../Engine/Content/EditorMaterials/Thumbnails/SkySphereMaterial.uasset" 217
"../../../BattleTank/Content/StarterContent/Blueprints/Assets/Skybox.uasset" 218
"../../../BattleTank/Content/StarterContent/Blueprints/Assets/SM_Arrows.uasset" 219
"../../../BattleTank/Content/StarterContent/HDRI/HDRI_Epic_Courtyard_Daylight.uasset" 220
"../../../BattleTank/Content/StarterContent/Blueprints/BP_LightStudio.uasset" 221
"../../../BattleTank/Content/StarterContent/Materials/M_AssetPlatform.uasset" 222
"../../../Engine/Content/EditorMeshes/ColorCalibrator/M_ChromeBall.uasset" 223
"../../../Engine/Content/EditorMeshes/ColorCalibrator/M_ClearCoat.uasset" 224
"../../../Engine/Content/EditorMeshes/ColorCalibrator/M_ClearCoatBlack.uasset" 225
"../../../Engine/Content/EditorMeshes/ColorCalibrator/M_ColorGrid.uasset" 226
"../../../Engine/Content/EditorMeshes/ColorCalibrator/M_GreyBall.uasset" 227
"../../../Engine/Content/EditorMeshes/ColorCalibrator/SM_ColorCalibrator.uasset" 228
"../../../BattleTank/Content/StarterContent/Architecture/SM_AssetPlatform.uasset" 229
"../../../BattleTank/Content/StarterContent/Maps/Advanced_Lighting.umap" 230
"../../../BattleTank/Content/StarterContent/Audio/Fire01_Cue.uasset" 231
"../../../BattleTank/Content/StarterContent/Textures/T_Fire_SubUV.uasset" 232
"../../../BattleTank/Content/StarterContent/Textures/T_Fire_Tiled_D.uasset" 233
"../../../BattleTank/Content/StarterContent/Particles/Materials/M_Fire_SubUV.uasset" 234
"../../../BattleTank/Content/StarterContent/Textures/T_Water_N.uasset" 235
"../../../BattleTank/Content/StarterContent/Particles/Materials/M_Heat_Distortion.uasset" 236
"../../../BattleTank/Content/StarterContent/Particles/Materials/M_Radial_Gradient.uasset" 237
"../../../BattleTank/Content/StarterContent/Particles/P_Fire.uasset" 238
"../../../BattleTank/Content/StarterContent/Blueprints/Blueprint_Effect_Fire.uasset" 239
"../../../BattleTank/Content/StarterContent/Audio/Smoke01_Cue.uasset" 240
"../../../BattleTank/Content/StarterContent/Particles/P_Smoke.uasset" 241
"../../../BattleTank/Content/StarterContent/Blueprints/Blueprint_Effect_Smoke.uasset" 242
"../../../BattleTank/Content/StarterContent/Audio/Fire_Sparks01_Cue.uasset" 243
"../../../BattleTank/Content/StarterContent/Textures/T_Spark_Core.uasset" 244
"../../../BattleTank/Content/StarterContent/Particles/Materials/M_Spark.uasset" 245
"../../../BattleTank/Content/StarterContent/Particles/P_Sparks.uasset" 246
"../../../BattleTank/Content/StarterContent/Blueprints/Blueprint_Effect_Sparks.uasset" 247
"../../../BattleTank/Content/StarterContent/Audio/Steam01_Cue.uasset" 248
"../../../BattleTank/Content/StarterContent/Particles/P_Steam_Lit.uasset" 249
"../../../BattleTank/Content/StarterContent/Blueprints/Blueprint_Effect_Steam.uasset" 250
"../../../Engine/Content/EditorBlueprintResources/StandardMacros.uasset" 251
"../../../Engine/Content/EngineSky/C_Sky_Cloud_Color.uasset" 252
"../../../Engine/Content/EngineSky/C_Sky_Horizon_Color.uasset" 253
"../../../Engine/Content/EngineSky/C_Sky_Zenith_Color.uasset" 254
"../../../Engine/Content/EngineSky/T_Sky_Blue.uasset" 255
"../../../Engine/Content/EngineSky/T_Sky_Clouds_M.uasset" 256
"../../../Engine/Content/EngineSky/T_Sky_Stars.uasset" 257
"../../../Engine/Content/EngineSky/M_Sky_Panning_Clouds2.uasset" 258
"../../../Engine/Content/EngineSky/SM_SkySphere.uasset" 259
"../../../Engine/Content/EngineSky/BP_Sky_Sphere.uasset" 260
"../../../BattleTank/Content/StarterContent/Textures/T_Lamp_M.uasset" 261
"../../../BattleTank/Content/StarterContent/Textures/T_Lamp_N.uasset" 262
"../../../BattleTank/Content/StarterContent/Props/Materials/M_Lamp.uasset" 263
"../../../BattleTank/Content/StarterContent/Props/SM_Lamp_Ceiling.uasset" 264
"../../../BattleTank/Content/StarterContent/Blueprints/Blueprint_CeilingLight.uasset" 265
"../../../BattleTank/Content/StarterContent/Props/SM_Lamp_Wall.uasset" 266
"../../../BattleTank/Content/StarterContent/Blueprints/Blueprint_WallSconce.uasset" 267
"../../../Engine/Content/Functions/Engine_MaterialFunctions03/Procedurals/ComputeFilterWidth.uasset" 268
"../../../Engine/Content/EngineMaterials/AntiAliasedTextMaterialTranslucent.uasset" 269
"../../../BattleTank/Content/StarterContent/Textures/T_Brick_Clay_Beveled_D.uasset" 270
"../../../BattleTank/Content/StarterContent/Textures/T_Brick_Clay_Beveled_M.uasset" 271
"../../../BattleTank/Content/StarterContent/Textures/T_Brick_Clay_Beveled_N.uasset" 272
"../../../BattleTank/Content/StarterContent/Materials/M_Brick_Clay_Beveled.uasset" 273
"../../../BattleTank/Content/StarterContent/Textures/T_Brick_Clay_New_D.uasset" 274
"../../../BattleTank/Content/StarterContent/Textures/T_Brick_Clay_New_M.uasset" 275
"../../../BattleTank/Content/StarterContent/Textures/T_Brick_Clay_New_N.uasset" 276
"../../../BattleTank/Content/StarterContent/Materials/M_Brick_Clay_New.uasset" 277
"../../../BattleTank/Content/StarterContent/Textures/T_Brick_Clay_Old_D.uasset" 278
"../../../BattleTank/Content/StarterContent/Textures/T_Brick_Clay_Old_N.uasset" 279
"../../../BattleTank/Content/StarterContent/Textures/T_Perlin_Noise_M.uasset" 280
"../../../BattleTank/Content/StarterContent/Materials/M_Brick_Clay_Old.uasset" 281
"../../../BattleTank/Content/StarterContent/Textures/T_Brick_Cut_Stone_D.uasset" 282
"../../../BattleTank/Content/StarterContent/Textures/T_Brick_Cut_Stone_N.uasset" 283
"../../../BattleTank/Content/StarterContent/Materials/M_Brick_Cut_Stone.uasset" 284
"../../../BattleTank/Content/StarterContent/Textures/T_Brick_Hewn_Stone_D.uasset" 285
"../../../BattleTank/Content/StarterContent/Textures/T_Brick_Hewn_Stone_M.uasset" 286
"../../../BattleTank/Content/StarterContent/Textures/T_Brick_Hewn_Stone_N.uasset" 287
"../../../BattleTank/Content/StarterContent/Materials/M_Brick_Hewn_Stone.uasset" 288
"../../../BattleTank/Content/StarterContent/Textures/T_Ceramic_Tile_M.uasset" 289
"../../../BattleTank/Content/StarterContent/Textures/T_Ceramic_Tile_N.uasset" 290
"../../../BattleTank/Content/StarterContent/Textures/T_Rock_Marble_Polished_D.uasset" 291
"../../../BattleTank/Content/StarterContent/Materials/M_Ceramic_Tile_Checker.uasset" 292
"../../../BattleTank/Content/StarterContent/Textures/T_CobbleStone_Pebble_D.uasset" 293
"../../../BattleTank/Content/StarterContent/Textures/T_CobbleStone_Pebble_M.uasset" 294
"../../../BattleTank/Content/StarterContent/Textures/T_CobbleStone_Pebble_N.uasset" 295
"../../../BattleTank/Content/StarterContent/Materials/M_CobbleStone_Pebble.uasset" 296
"../../../BattleTank/Content/StarterContent/Textures/T_CobbleStone_Rough_D.uasset" 297
"../../../BattleTank/Content/StarterContent/Textures/T_CobbleStone_Rough_N.uasset" 298
"../../../BattleTank/Content/StarterContent/Textures/T_Gradinet_01.uasset" 299
"../../../BattleTank/Content/StarterContent/Textures/T_Rock_Smooth_Granite_D.uasset" 300
"../../../BattleTank/Content/StarterContent/Materials/M_CobbleStone_Rough.uasset" 301
"../../../BattleTank/Content/StarterContent/Textures/T_CobbleStone_Smooth_D.uasset" 302
"../../../BattleTank/Content/StarterContent/Textures/T_CobbleStone_Smooth_M.uasset" 303
"../../../BattleTank/Content/StarterContent/Textures/T_CobbleStone_Smooth_N.uasset" 304
"../../../BattleTank/Content/StarterContent/Materials/M_CobbleStone_Smooth.uasset" 305
"../../../BattleTank/Content/StarterContent/Textures/T_Concrete_Grime_D.uasset" 306
"../../../BattleTank/Content/StarterContent/Textures/T_Metal_Rust_N.uasset" 307
"../../../BattleTank/Content/StarterContent/Materials/M_Concrete_Grime.uasset" 308
"../../../BattleTank/Content/StarterContent/Textures/T_Concrete_Panels_D.uasset" 309
"../../../BattleTank/Content/StarterContent/Textures/T_Concrete_Panels_N.uasset" 310
"../../../BattleTank/Content/StarterContent/Materials/M_Concrete_Panels.uasset" 311
"../../../BattleTank/Content/StarterContent/Textures/T_Concrete_Poured_D.uasset" 312
"../../../BattleTank/Content/StarterContent/Textures/T_Concrete_Poured_N.uasset" 313
"../../../BattleTank/Content/StarterContent/Materials/M_Concrete_Poured.uasset" 314
"../../../BattleTank/Content/StarterContent/Textures/T_Concrete_Tiles_D.uasset" 315
"../../../BattleTank/Content/StarterContent/Textures/T_Concrete_Tiles_M.uasset" 316
"../../../BattleTank/Content/StarterContent/Textures/T_Concrete_Tiles_N.uasset" 317
"../../../BattleTank/Content/StarterContent/Textures/T_Concrete_Tiles_Variation_M.uasset" 318
"../../../BattleTank/Content/StarterContent/Materials/M_Concrete_Tiles.uasset" 319
"../../../BattleTank/Content/StarterContent/Textures/T_Ground_Grass_D.uasset" 320
"../../../BattleTank/Content/StarterContent/Textures/T_Ground_Grass_N.uasset" 321
"../../../BattleTank/Content/StarterContent/Materials/M_Ground_Grass.uasset" 322
"../../../BattleTank/Content/StarterContent/Textures/T_Ground_Gravel_D.uasset" 323
"../../../BattleTank/Content/StarterContent/Textures/T_Ground_Gravel_N.uasset" 324
"../../../BattleTank/Content/StarterContent/Materials/M_Ground_Gravel.uasset" 325
"../../../BattleTank/Content/StarterContent/Textures/T_ground_Moss_D.uasset" 326
"../../../BattleTank/Content/StarterContent/Textures/T_Ground_Moss_N.uasset" 327
"../../../BattleTank/Content/StarterContent/Materials/M_Ground_Moss.uasset" 328
"../../../BattleTank/Content/StarterContent/Materials/M_Metal_Brushed_Nickel.uasset" 329
"../../../BattleTank/Content/StarterContent/Textures/T_Metal_Aluminum_D.uasset" 330
"../../../BattleTank/Content/StarterContent/Textures/T_Metal_Gold_N.uasset" 331
"../../../BattleTank/Content/StarterContent/Materials/M_Metal_Burnished_Steel.uasset" 332
"../../../BattleTank/Content/StarterContent/Materials/M_Metal_Chrome.uasset" 333
"../../../BattleTank/Content/StarterContent/Textures/T_Metal_Copper_D.uasset" 334
"../../../BattleTank/Content/StarterContent/Materials/M_Metal_Copper.uasset" 335
"../../../BattleTank/Content/StarterContent/Textures/T_Metal_Gold_D.uasset" 336
"../../../BattleTank/Content/StarterContent/Materials/M_Metal_Gold.uasset" 337
"../../../BattleTank/Content/StarterContent/Textures/T_Metal_Rust_D.uasset" 338
"../../../BattleTank/Content/StarterContent/Materials/M_Metal_Rust.uasset" 339
"../../../BattleTank/Content/StarterContent/Textures/T_Rock_Basalt_N.uasset" 340
"../../../BattleTank/Content/StarterContent/Materials/M_Rock_Basalt.uasset" 341
"../../../BattleTank/Content/StarterContent/Materials/M_Rock_Marble_Polished.uasset" 342
"../../../BattleTank/Content/StarterContent/Textures/T_Rock_Sandstone_D.uasset" 343
"../../../BattleTank/Content/StarterContent/Textures/T_Rock_Sandstone_N.uasset" 344
"../../../BattleTank/Content/StarterContent/Materials/M_Rock_Sandstone.uasset" 345
"../../../BattleTank/Content/StarterContent/Textures/T_Rock_Slate_D.uasset" 346
"../../../BattleTank/Content/StarterContent/Textures/T_Rock_Slate_N.uasset" 347
"../../../BattleTank/Content/StarterContent/Materials/M_Rock_Slate.uasset" 348
"../../../BattleTank/Content/StarterContent/Textures/T_Checker_Noise_M.uasset" 349
"../../../BattleTank/Content/StarterContent/Textures/T_Single_Tile_N.uasset" 350
"../../../BattleTank/Content/StarterContent/Textures/T_Tech_Dot_M.uasset" 351
"../../../BattleTank/Content/StarterContent/Textures/T_Tech_Dot_N.uasset" 352
"../../../BattleTank/Content/StarterContent/Materials/M_Tech_Checker_Dot.uasset" 353
"../../../BattleTank/Content/StarterContent/Textures/T_Tech_Hex_Tile_M.uasset" 354
"../../../BattleTank/Content/StarterContent/Textures/T_Tech_Hex_Tile_N.uasset" 355
"../../../BattleTank/Content/StarterContent/Materials/M_Tech_Hex_Tile.uasset" 356
"../../../BattleTank/Content/StarterContent/Materials/M_Tech_Hex_Tile_Pulse.uasset" 357
"../../../BattleTank/Content/StarterContent/Textures/T_Tech_Panel_M.uasset" 358
"../../../BattleTank/Content/StarterContent/Textures/T_Tech_Panel_N.uasset" 359
"../../../BattleTank/Content/StarterContent/Materials/M_Tech_Panel.uasset" 360
"../../../BattleTank/Content/StarterContent/Materials/M_Water_Lake.uasset" 361
"../../../BattleTank/Content/StarterContent/Textures/T_Water_M.uasset" 362
"../../../BattleTank/Content/StarterContent/Materials/M_Water_Ocean.uasset" 363
"../../../BattleTank/Content/StarterContent/Textures/T_Wood_Floor_Walnut_D.uasset" 364
"../../../BattleTank/Content/StarterContent/Textures/T_Wood_Floor_Walnut_M.uasset" 365
"../../../BattleTank/Content/StarterContent/Textures/T_Wood_Floor_Walnut_N.uasset" 366
"../../../BattleTank/Content/StarterContent/Materials/M_Wood_Floor_Walnut_Polished.uasset" 367
"../../../Engine/Content/Functions/Engine_MaterialFunctions01/Opacity/AlphaOffset.uasset" 368
"../../../BattleTank/Content/StarterContent/Materials/M_Wood_Floor_Walnut_Worn.uasset" 369
"../../../BattleTank/Content/StarterContent/Textures/T_Wood_Oak_D.uasset" 370
"../../../BattleTank/Content/StarterContent/Textures/T_Wood_Oak_N.uasset" 371
"../../../BattleTank/Content/StarterContent/Materials/M_Wood_Oak.uasset" 372
"../../../BattleTank/Content/StarterContent/Textures/T_Wood_Pine_D.uasset" 373
"../../../BattleTank/Content/StarterContent/Textures/T_Wood_Pine_N.uasset" 374
"../../../BattleTank/Content/StarterContent/Materials/M_Wood_Pine.uasset" 375
"../../../BattleTank/Content/StarterContent/Textures/T_Wood_Walnut_D.uasset" 376
"../../../BattleTank/Content/StarterContent/Textures/T_Wood_Walnut_N.uasset" 377
"../../../BattleTank/Content/StarterContent/Materials/M_Wood_Walnut.uasset" 378
"../../../BattleTank/Content/StarterContent/Architecture/Floor_400x400.uasset" 379
"../../../BattleTank/Content/StarterContent/Architecture/Wall_400x200.uasset" 380
"../../../BattleTank/Content/StarterContent/Architecture/Wall_Door_400x300.uasset" 381
"../../../BattleTank/Content/StarterContent/Architecture/Wall_Window_400x300.uasset" 382
"../../../BattleTank/Content/StarterContent/Audio/Collapse_Cue.uasset" 383
"../../../BattleTank/Content/StarterContent/Audio/Starter_Background_Cue.uasset" 384
"../../../BattleTank/Content/StarterContent/Audio/Starter_Music_Cue.uasset" 385
"../../../BattleTank/Content/StarterContent/Textures/T_Dust_Particle_D.uasset" 386
"../../../BattleTank/Content/StarterContent/Particles/Materials/M_Dust_Particle.uasset" 387
"../../../BattleTank/Content/StarterContent/Particles/P_Ambient_Dust.uasset" 388
"../../../BattleTank/Content/StarterContent/Props/MaterialSphere.uasset" 389
"../../../BattleTank/Content/StarterContent/Props/SM_Chair.uasset" 390
"../../../BattleTank/Content/StarterContent/Textures/T_Frame_M.uasset" 391
"../../../BattleTank/Content/StarterContent/Textures/T_Frame_N.uasset" 392
"../../../BattleTank/Content/StarterContent/Props/Materials/M_Frame.uasset" 393
"../../../BattleTank/Content/StarterContent/Props/SM_CornerFrame.uasset" 394
"../../../BattleTank/Content/StarterContent/Props/SM_DoorFrame.uasset" 395
"../../../BattleTank/Content/StarterContent/Props/SM_GlassWindow.uasset" 396
"../../../BattleTank/Content/StarterContent/Props/SM_PillarFrame.uasset" 397
"../../../BattleTank/Content/StarterContent/Props/SM_PillarFrame300.uasset" 398
"../../../BattleTank/Content/StarterContent/Textures/T_Statue_M.uasset" 399
"../../../BattleTank/Content/StarterContent/Textures/T_Statue_N.uasset" 400
"../../../BattleTank/Content/StarterContent/Props/Materials/M_Statue.uasset" 401
"../../../BattleTank/Content/StarterContent/Props/Materials/M_StatueGlass.uasset" 402
"../../../BattleTank/Content/StarterContent/Props/SM_Statue.uasset" 403
"../../../BattleTank/Content/StarterContent/Textures/T_TableRound_M.uasset" 404
"../../../BattleTank/Content/StarterContent/Textures/T_TableRound_N.uasset" 405
"../../../BattleTank/Content/StarterContent/Props/Materials/M_TableRound.uasset" 406
"../../../BattleTank/Content/StarterContent/Props/SM_TableRound.uasset" 407
"../../../BattleTank/Content/StarterContent/Props/SM_WindowFrame.uasset" 408
"../../../BattleTank/Content/StarterContent/Shapes/Shape_QuadPyramid.uasset" 409
"../../../BattleTank/Content/StarterContent/Shapes/Shape_Sphere.uasset" 410
"../../../BattleTank/Content/StarterContent/Maps/StarterMap.umap" 411
"../../../BattleTank/Content/StarterContent/Maps/Minimal_Default.umap" 412
"../../../BattleTank/Content/BattleGround_Heightmaps.umap" 413
"../../../BattleTank/Content/Tank/tank_fbx_Barrel.uasset" 414
"../../../BattleTank/Content/Tank/tank_fbx_Turret.uasset" 415
"../../../BattleTank/Content/Tank/tank_fbx_Body.uasset" 416
"../../../BattleTank/Content/Tank/tank_fbx_Track.uasset" 417
"../../../BattleTank/Content/Tank/Tank_BP.uasset" 418
"../../../BattleTank/Content/UI/PlayerUI_BP.uasset" 419
"../../../BattleTank/Content/Tank/TankPlayerController_BP.uasset" 420
"../../../BattleTank/Content/Blueprints/BattleTankGameMode_BP.uasset" 421
"../../../BattleTank/Content/BattleGround_sharedassets/Dirt_LayerInfo_Flate.uasset" 422
"../../../BattleTank/Content/BattleGround_sharedassets/Grass_LayerInfo_Flate.uasset" 423
"../../../BattleTank/Content/Material/Flatelandscape.uasset" 424
"../../../Engine/Content/EngineMaterials/DefaultPhysicalMaterial.uasset" 425
"../../../BattleTank/Content/_Levels/BattleGround.umap" 426
